[0.007s] Invoking command in '/home/sam/mob_rob/ros2_ws/build/my_robot_bringup': CMAKE_PREFIX_PATH=/home/sam/mob_rob/ros2_ws/install/my_robot_description:/home/sam/mob_rob/ros2_ws/install/my_robot_bringup:/home/sam/ROS2/ros2_ws/install/gazebo_ros2_control_demos:/home/sam/ROS2/ros2_ws/install/ros2_control:/home/sam/ROS2/ros2_ws/install/transmission_interface:/home/sam/ROS2/ros2_ws/install/surveillance_robot:/home/sam/ROS2/ros2_ws/install/hardware_interface_testing:/home/sam/ROS2/ros2_ws/install/gazebo_ros2_control:/home/sam/ROS2/ros2_ws/install/controller_manager:/home/sam/ROS2/ros2_ws/install/ros2_control_test_assets:/home/sam/ROS2/ros2_ws/install/joint_limits:/home/sam/ROS2/ros2_ws/install/controller_interface:/home/sam/ROS2/ros2_ws/install/hardware_interface:/home/sam/ROS2/ros2_ws/install/gazebo_ros_pkgs:/home/sam/ROS2/ros2_ws/install/gazebo_plugins:/home/sam/ROS2/ros2_ws/install/gazebo_ros:/home/sam/ROS2/ros2_ws/install/gazebo_msgs:/home/sam/ROS2/ros2_ws/install/gazebo_dev:/home/sam/ROS2/ros2_ws/install/controller_manager_msgs:/home/sam/mob_rob/install/my_robot_description:/home/sam/ROS2/ros2_ws/install/rqt_controller_manager:/home/sam/ROS2/ros2_ws/install/ros2controlcli:/opt/ros/humble /usr/bin/cmake --build /home/sam/mob_rob/ros2_ws/build/my_robot_bringup -- -j8 -l8
[0.043s] Invoked command in '/home/sam/mob_rob/ros2_ws/build/my_robot_bringup' returned '0': CMAKE_PREFIX_PATH=/home/sam/mob_rob/ros2_ws/install/my_robot_description:/home/sam/mob_rob/ros2_ws/install/my_robot_bringup:/home/sam/ROS2/ros2_ws/install/gazebo_ros2_control_demos:/home/sam/ROS2/ros2_ws/install/ros2_control:/home/sam/ROS2/ros2_ws/install/transmission_interface:/home/sam/ROS2/ros2_ws/install/surveillance_robot:/home/sam/ROS2/ros2_ws/install/hardware_interface_testing:/home/sam/ROS2/ros2_ws/install/gazebo_ros2_control:/home/sam/ROS2/ros2_ws/install/controller_manager:/home/sam/ROS2/ros2_ws/install/ros2_control_test_assets:/home/sam/ROS2/ros2_ws/install/joint_limits:/home/sam/ROS2/ros2_ws/install/controller_interface:/home/sam/ROS2/ros2_ws/install/hardware_interface:/home/sam/ROS2/ros2_ws/install/gazebo_ros_pkgs:/home/sam/ROS2/ros2_ws/install/gazebo_plugins:/home/sam/ROS2/ros2_ws/install/gazebo_ros:/home/sam/ROS2/ros2_ws/install/gazebo_msgs:/home/sam/ROS2/ros2_ws/install/gazebo_dev:/home/sam/ROS2/ros2_ws/install/controller_manager_msgs:/home/sam/mob_rob/install/my_robot_description:/home/sam/ROS2/ros2_ws/install/rqt_controller_manager:/home/sam/ROS2/ros2_ws/install/ros2controlcli:/opt/ros/humble /usr/bin/cmake --build /home/sam/mob_rob/ros2_ws/build/my_robot_bringup -- -j8 -l8
[0.062s] Invoking command in '/home/sam/mob_rob/ros2_ws/build/my_robot_bringup': CMAKE_PREFIX_PATH=/home/sam/mob_rob/ros2_ws/install/my_robot_description:/home/sam/mob_rob/ros2_ws/install/my_robot_bringup:/home/sam/ROS2/ros2_ws/install/gazebo_ros2_control_demos:/home/sam/ROS2/ros2_ws/install/ros2_control:/home/sam/ROS2/ros2_ws/install/transmission_interface:/home/sam/ROS2/ros2_ws/install/surveillance_robot:/home/sam/ROS2/ros2_ws/install/hardware_interface_testing:/home/sam/ROS2/ros2_ws/install/gazebo_ros2_control:/home/sam/ROS2/ros2_ws/install/controller_manager:/home/sam/ROS2/ros2_ws/install/ros2_control_test_assets:/home/sam/ROS2/ros2_ws/install/joint_limits:/home/sam/ROS2/ros2_ws/install/controller_interface:/home/sam/ROS2/ros2_ws/install/hardware_interface:/home/sam/ROS2/ros2_ws/install/gazebo_ros_pkgs:/home/sam/ROS2/ros2_ws/install/gazebo_plugins:/home/sam/ROS2/ros2_ws/install/gazebo_ros:/home/sam/ROS2/ros2_ws/install/gazebo_msgs:/home/sam/ROS2/ros2_ws/install/gazebo_dev:/home/sam/ROS2/ros2_ws/install/controller_manager_msgs:/home/sam/mob_rob/install/my_robot_description:/home/sam/ROS2/ros2_ws/install/rqt_controller_manager:/home/sam/ROS2/ros2_ws/install/ros2controlcli:/opt/ros/humble /usr/bin/cmake --install /home/sam/mob_rob/ros2_ws/build/my_robot_bringup
[0.067s] -- Install configuration: ""
[0.067s] -- Up-to-date: /home/sam/mob_rob/ros2_ws/install/my_robot_bringup/share/my_robot_bringup//launch
[0.067s] -- Installing: /home/sam/mob_rob/ros2_ws/install/my_robot_bringup/share/my_robot_bringup//launch/my_robot_gazebo.launch.xml
[0.068s] -- Up-to-date: /home/sam/mob_rob/ros2_ws/install/my_robot_bringup/share/my_robot_bringup//rviz
[0.068s] -- Up-to-date: /home/sam/mob_rob/ros2_ws/install/my_robot_bringup/share/my_robot_bringup//rviz/urdf_config.rviz
[0.068s] -- Up-to-date: /home/sam/mob_rob/ros2_ws/install/my_robot_bringup/share/my_robot_bringup//worlds
[0.068s] -- Up-to-date: /home/sam/mob_rob/ros2_ws/install/my_robot_bringup/share/my_robot_bringup//worlds/test_world.world
[0.068s] -- Up-to-date: /home/sam/mob_rob/ros2_ws/install/my_robot_bringup/share/ament_index/resource_index/package_run_dependencies/my_robot_bringup
[0.068s] -- Up-to-date: /home/sam/mob_rob/ros2_ws/install/my_robot_bringup/share/ament_index/resource_index/parent_prefix_path/my_robot_bringup
[0.068s] -- Up-to-date: /home/sam/mob_rob/ros2_ws/install/my_robot_bringup/share/my_robot_bringup/environment/ament_prefix_path.sh
[0.068s] -- Up-to-date: /home/sam/mob_rob/ros2_ws/install/my_robot_bringup/share/my_robot_bringup/environment/ament_prefix_path.dsv
[0.068s] -- Up-to-date: /home/sam/mob_rob/ros2_ws/install/my_robot_bringup/share/my_robot_bringup/environment/path.sh
[0.068s] -- Up-to-date: /home/sam/mob_rob/ros2_ws/install/my_robot_bringup/share/my_robot_bringup/environment/path.dsv
[0.068s] -- Up-to-date: /home/sam/mob_rob/ros2_ws/install/my_robot_bringup/share/my_robot_bringup/local_setup.bash
[0.068s] -- Up-to-date: /home/sam/mob_rob/ros2_ws/install/my_robot_bringup/share/my_robot_bringup/local_setup.sh
[0.068s] -- Up-to-date: /home/sam/mob_rob/ros2_ws/install/my_robot_bringup/share/my_robot_bringup/local_setup.zsh
[0.068s] -- Up-to-date: /home/sam/mob_rob/ros2_ws/install/my_robot_bringup/share/my_robot_bringup/local_setup.dsv
[0.068s] -- Installing: /home/sam/mob_rob/ros2_ws/install/my_robot_bringup/share/my_robot_bringup/package.dsv
[0.068s] -- Up-to-date: /home/sam/mob_rob/ros2_ws/install/my_robot_bringup/share/ament_index/resource_index/packages/my_robot_bringup
[0.068s] -- Up-to-date: /home/sam/mob_rob/ros2_ws/install/my_robot_bringup/share/my_robot_bringup/cmake/my_robot_bringupConfig.cmake
[0.068s] -- Up-to-date: /home/sam/mob_rob/ros2_ws/install/my_robot_bringup/share/my_robot_bringup/cmake/my_robot_bringupConfig-version.cmake
[0.069s] -- Up-to-date: /home/sam/mob_rob/ros2_ws/install/my_robot_bringup/share/my_robot_bringup/package.xml
[0.069s] Invoked command in '/home/sam/mob_rob/ros2_ws/build/my_robot_bringup' returned '0': CMAKE_PREFIX_PATH=/home/sam/mob_rob/ros2_ws/install/my_robot_description:/home/sam/mob_rob/ros2_ws/install/my_robot_bringup:/home/sam/ROS2/ros2_ws/install/gazebo_ros2_control_demos:/home/sam/ROS2/ros2_ws/install/ros2_control:/home/sam/ROS2/ros2_ws/install/transmission_interface:/home/sam/ROS2/ros2_ws/install/surveillance_robot:/home/sam/ROS2/ros2_ws/install/hardware_interface_testing:/home/sam/ROS2/ros2_ws/install/gazebo_ros2_control:/home/sam/ROS2/ros2_ws/install/controller_manager:/home/sam/ROS2/ros2_ws/install/ros2_control_test_assets:/home/sam/ROS2/ros2_ws/install/joint_limits:/home/sam/ROS2/ros2_ws/install/controller_interface:/home/sam/ROS2/ros2_ws/install/hardware_interface:/home/sam/ROS2/ros2_ws/install/gazebo_ros_pkgs:/home/sam/ROS2/ros2_ws/install/gazebo_plugins:/home/sam/ROS2/ros2_ws/install/gazebo_ros:/home/sam/ROS2/ros2_ws/install/gazebo_msgs:/home/sam/ROS2/ros2_ws/install/gazebo_dev:/home/sam/ROS2/ros2_ws/install/controller_manager_msgs:/home/sam/mob_rob/install/my_robot_description:/home/sam/ROS2/ros2_ws/install/rqt_controller_manager:/home/sam/ROS2/ros2_ws/install/ros2controlcli:/opt/ros/humble /usr/bin/cmake --install /home/sam/mob_rob/ros2_ws/build/my_robot_bringup
