[0.008s] Invoking command in '/home/sam/mob_rob/ros2_ws/build/my_robot_description': CMAKE_PREFIX_PATH=${CMAKE_PREFIX_PATH}:/home/sam/ROS2/ros2_ws/install/rqt_controller_manager:/home/sam/ROS2/ros2_ws/install/ros2controlcli:/opt/ros/humble /usr/bin/cmake --build /home/sam/mob_rob/ros2_ws/build/my_robot_description -- -j8 -l8
[0.039s] Invoked command in '/home/sam/mob_rob/ros2_ws/build/my_robot_description' returned '0': CMAKE_PREFIX_PATH=${CMAKE_PREFIX_PATH}:/home/sam/ROS2/ros2_ws/install/rqt_controller_manager:/home/sam/ROS2/ros2_ws/install/ros2controlcli:/opt/ros/humble /usr/bin/cmake --build /home/sam/mob_rob/ros2_ws/build/my_robot_description -- -j8 -l8
[0.067s] Invoking command in '/home/sam/mob_rob/ros2_ws/build/my_robot_description': CMAKE_PREFIX_PATH=${CMAKE_PREFIX_PATH}:/home/sam/ROS2/ros2_ws/install/rqt_controller_manager:/home/sam/ROS2/ros2_ws/install/ros2controlcli:/opt/ros/humble /usr/bin/cmake --install /home/sam/mob_rob/ros2_ws/build/my_robot_description
[0.072s] -- Install configuration: ""
[0.073s] -- Up-to-date: /home/sam/mob_rob/ros2_ws/install/my_robot_description/share/my_robot_description//urdf
[0.073s] -- Installing: /home/sam/mob_rob/ros2_ws/install/my_robot_description/share/my_robot_description//urdf/my_robot.urdf.xacro
[0.073s] -- Installing: /home/sam/mob_rob/ros2_ws/install/my_robot_description/share/my_robot_description//urdf/mobile_base.xacro
[0.073s] -- Installing: /home/sam/mob_rob/ros2_ws/install/my_robot_description/share/my_robot_description//urdf/common_properties.xacro
[0.073s] -- Up-to-date: /home/sam/mob_rob/ros2_ws/install/my_robot_description/share/my_robot_description//launch
[0.073s] -- Up-to-date: /home/sam/mob_rob/ros2_ws/install/my_robot_description/share/my_robot_description//launch/display.launch.py
[0.073s] -- Up-to-date: /home/sam/mob_rob/ros2_ws/install/my_robot_description/share/my_robot_description//launch/display.launch.xml
[0.073s] -- Up-to-date: /home/sam/mob_rob/ros2_ws/install/my_robot_description/share/my_robot_description//rviz
[0.073s] -- Up-to-date: /home/sam/mob_rob/ros2_ws/install/my_robot_description/share/my_robot_description//rviz/urdf_config.rviz
[0.073s] -- Up-to-date: /home/sam/mob_rob/ros2_ws/install/my_robot_description/share/ament_index/resource_index/package_run_dependencies/my_robot_description
[0.073s] -- Up-to-date: /home/sam/mob_rob/ros2_ws/install/my_robot_description/share/ament_index/resource_index/parent_prefix_path/my_robot_description
[0.073s] -- Up-to-date: /home/sam/mob_rob/ros2_ws/install/my_robot_description/share/my_robot_description/environment/ament_prefix_path.sh
[0.073s] -- Up-to-date: /home/sam/mob_rob/ros2_ws/install/my_robot_description/share/my_robot_description/environment/ament_prefix_path.dsv
[0.073s] -- Up-to-date: /home/sam/mob_rob/ros2_ws/install/my_robot_description/share/my_robot_description/environment/path.sh
[0.073s] -- Up-to-date: /home/sam/mob_rob/ros2_ws/install/my_robot_description/share/my_robot_description/environment/path.dsv
[0.073s] -- Up-to-date: /home/sam/mob_rob/ros2_ws/install/my_robot_description/share/my_robot_description/local_setup.bash
[0.073s] -- Up-to-date: /home/sam/mob_rob/ros2_ws/install/my_robot_description/share/my_robot_description/local_setup.sh
[0.073s] -- Up-to-date: /home/sam/mob_rob/ros2_ws/install/my_robot_description/share/my_robot_description/local_setup.zsh
[0.073s] -- Up-to-date: /home/sam/mob_rob/ros2_ws/install/my_robot_description/share/my_robot_description/local_setup.dsv
[0.073s] -- Up-to-date: /home/sam/mob_rob/ros2_ws/install/my_robot_description/share/my_robot_description/package.dsv
[0.073s] -- Up-to-date: /home/sam/mob_rob/ros2_ws/install/my_robot_description/share/ament_index/resource_index/packages/my_robot_description
[0.073s] -- Up-to-date: /home/sam/mob_rob/ros2_ws/install/my_robot_description/share/my_robot_description/cmake/my_robot_descriptionConfig.cmake
[0.073s] -- Up-to-date: /home/sam/mob_rob/ros2_ws/install/my_robot_description/share/my_robot_description/cmake/my_robot_descriptionConfig-version.cmake
[0.073s] -- Up-to-date: /home/sam/mob_rob/ros2_ws/install/my_robot_description/share/my_robot_description/package.xml
[0.074s] Invoked command in '/home/sam/mob_rob/ros2_ws/build/my_robot_description' returned '0': CMAKE_PREFIX_PATH=${CMAKE_PREFIX_PATH}:/home/sam/ROS2/ros2_ws/install/rqt_controller_manager:/home/sam/ROS2/ros2_ws/install/ros2controlcli:/opt/ros/humble /usr/bin/cmake --install /home/sam/mob_rob/ros2_ws/build/my_robot_description
