[0.082s] DEBUG:colcon:Command line arguments: ['/usr/bin/colcon', 'build']
[0.082s] DEBUG:colcon:Parsed command line arguments: Namespace(log_base=None, log_level=None, verb_name='build', build_base='build', install_base='install', merge_install=False, symlink_install=False, test_result_base=None, continue_on_error=False, executor='parallel', parallel_workers=8, event_handlers=None, ignore_user_meta=False, metas=['./colcon.meta'], base_paths=['.'], packages_ignore=None, packages_ignore_regex=None, paths=None, packages_up_to=None, packages_up_to_regex=None, packages_above=None, packages_above_and_dependencies=None, packages_above_depth=None, packages_select_by_dep=None, packages_skip_by_dep=None, packages_skip_up_to=None, packages_select_build_failed=False, packages_skip_build_finished=False, packages_select_test_failures=False, packages_skip_test_passed=False, packages_select=None, packages_skip=None, packages_select_regex=None, packages_skip_regex=None, packages_start=None, packages_end=None, allow_overriding=[], cmake_args=None, cmake_target=None, cmake_target_skip_unavailable=False, cmake_clean_cache=False, cmake_clean_first=False, cmake_force_configure=False, ament_cmake_args=None, catkin_cmake_args=None, catkin_skip_building_tests=False, mixin_files=None, mixin=None, verb_parser=<colcon_mixin.mixin.mixin_argument.MixinArgumentDecorator object at 0x755967ccab00>, verb_extension=<colcon_core.verb.build.BuildVerb object at 0x755967e9bfa0>, main=<bound method BuildVerb.main of <colcon_core.verb.build.BuildVerb object at 0x755967e9bfa0>>, mixin_verb=('build',))
[0.231s] Level 1:colcon.colcon_core.package_discovery:discover_packages(colcon_meta) check parameters
[0.231s] Level 1:colcon.colcon_core.package_discovery:discover_packages(recursive) check parameters
[0.231s] Level 1:colcon.colcon_core.package_discovery:discover_packages(ignore) check parameters
[0.231s] Level 1:colcon.colcon_core.package_discovery:discover_packages(path) check parameters
[0.231s] Level 1:colcon.colcon_core.package_discovery:discover_packages(colcon_meta) discover
[0.231s] Level 1:colcon.colcon_core.package_discovery:discover_packages(recursive) discover
[0.231s] INFO:colcon.colcon_core.package_discovery:Crawling recursively for packages in '/home/sam/mob_rob/ros2_ws'
[0.231s] Level 1:colcon.colcon_core.package_identification:_identify(.) by extensions ['ignore', 'ignore_ament_install']
[0.231s] Level 1:colcon.colcon_core.package_identification:_identify(.) by extension 'ignore'
[0.231s] Level 1:colcon.colcon_core.package_identification:_identify(.) by extension 'ignore_ament_install'
[0.231s] Level 1:colcon.colcon_core.package_identification:_identify(.) by extensions ['colcon_pkg']
[0.231s] Level 1:colcon.colcon_core.package_identification:_identify(.) by extension 'colcon_pkg'
[0.231s] Level 1:colcon.colcon_core.package_identification:_identify(.) by extensions ['colcon_meta']
[0.231s] Level 1:colcon.colcon_core.package_identification:_identify(.) by extension 'colcon_meta'
[0.231s] Level 1:colcon.colcon_core.package_identification:_identify(.) by extensions ['ros']
[0.231s] Level 1:colcon.colcon_core.package_identification:_identify(.) by extension 'ros'
[0.238s] Level 1:colcon.colcon_core.package_identification:_identify(.) by extensions ['cmake', 'python']
[0.238s] Level 1:colcon.colcon_core.package_identification:_identify(.) by extension 'cmake'
[0.238s] Level 1:colcon.colcon_core.package_identification:_identify(.) by extension 'python'
[0.238s] Level 1:colcon.colcon_core.package_identification:_identify(.) by extensions ['python_setup_py']
[0.238s] Level 1:colcon.colcon_core.package_identification:_identify(.) by extension 'python_setup_py'
[0.238s] Level 1:colcon.colcon_core.package_identification:_identify(build) by extensions ['ignore', 'ignore_ament_install']
[0.238s] Level 1:colcon.colcon_core.package_identification:_identify(build) by extension 'ignore'
[0.239s] Level 1:colcon.colcon_core.package_identification:_identify(build) ignored
[0.239s] Level 1:colcon.colcon_core.package_identification:_identify(install) by extensions ['ignore', 'ignore_ament_install']
[0.239s] Level 1:colcon.colcon_core.package_identification:_identify(install) by extension 'ignore'
[0.239s] Level 1:colcon.colcon_core.package_identification:_identify(install) ignored
[0.239s] Level 1:colcon.colcon_core.package_identification:_identify(log) by extensions ['ignore', 'ignore_ament_install']
[0.239s] Level 1:colcon.colcon_core.package_identification:_identify(log) by extension 'ignore'
[0.239s] Level 1:colcon.colcon_core.package_identification:_identify(log) ignored
[0.239s] Level 1:colcon.colcon_core.package_identification:_identify(src) by extensions ['ignore', 'ignore_ament_install']
[0.239s] Level 1:colcon.colcon_core.package_identification:_identify(src) by extension 'ignore'
[0.239s] Level 1:colcon.colcon_core.package_identification:_identify(src) by extension 'ignore_ament_install'
[0.239s] Level 1:colcon.colcon_core.package_identification:_identify(src) by extensions ['colcon_pkg']
[0.239s] Level 1:colcon.colcon_core.package_identification:_identify(src) by extension 'colcon_pkg'
[0.239s] Level 1:colcon.colcon_core.package_identification:_identify(src) by extensions ['colcon_meta']
[0.239s] Level 1:colcon.colcon_core.package_identification:_identify(src) by extension 'colcon_meta'
[0.239s] Level 1:colcon.colcon_core.package_identification:_identify(src) by extensions ['ros']
[0.239s] Level 1:colcon.colcon_core.package_identification:_identify(src) by extension 'ros'
[0.239s] Level 1:colcon.colcon_core.package_identification:_identify(src) by extensions ['cmake', 'python']
[0.239s] Level 1:colcon.colcon_core.package_identification:_identify(src) by extension 'cmake'
[0.239s] Level 1:colcon.colcon_core.package_identification:_identify(src) by extension 'python'
[0.239s] Level 1:colcon.colcon_core.package_identification:_identify(src) by extensions ['python_setup_py']
[0.239s] Level 1:colcon.colcon_core.package_identification:_identify(src) by extension 'python_setup_py'
[0.239s] Level 1:colcon.colcon_core.package_identification:_identify(src/my_robot_bringup) by extensions ['ignore', 'ignore_ament_install']
[0.239s] Level 1:colcon.colcon_core.package_identification:_identify(src/my_robot_bringup) by extension 'ignore'
[0.239s] Level 1:colcon.colcon_core.package_identification:_identify(src/my_robot_bringup) by extension 'ignore_ament_install'
[0.239s] Level 1:colcon.colcon_core.package_identification:_identify(src/my_robot_bringup) by extensions ['colcon_pkg']
[0.239s] Level 1:colcon.colcon_core.package_identification:_identify(src/my_robot_bringup) by extension 'colcon_pkg'
[0.239s] Level 1:colcon.colcon_core.package_identification:_identify(src/my_robot_bringup) by extensions ['colcon_meta']
[0.239s] Level 1:colcon.colcon_core.package_identification:_identify(src/my_robot_bringup) by extension 'colcon_meta'
[0.239s] Level 1:colcon.colcon_core.package_identification:_identify(src/my_robot_bringup) by extensions ['ros']
[0.239s] Level 1:colcon.colcon_core.package_identification:_identify(src/my_robot_bringup) by extension 'ros'
[0.241s] DEBUG:colcon.colcon_core.package_identification:Package 'src/my_robot_bringup' with type 'ros.ament_cmake' and name 'my_robot_bringup'
[0.241s] Level 1:colcon.colcon_core.package_identification:_identify(src/my_robot_description) by extensions ['ignore', 'ignore_ament_install']
[0.241s] Level 1:colcon.colcon_core.package_identification:_identify(src/my_robot_description) by extension 'ignore'
[0.241s] Level 1:colcon.colcon_core.package_identification:_identify(src/my_robot_description) by extension 'ignore_ament_install'
[0.241s] Level 1:colcon.colcon_core.package_identification:_identify(src/my_robot_description) by extensions ['colcon_pkg']
[0.241s] Level 1:colcon.colcon_core.package_identification:_identify(src/my_robot_description) by extension 'colcon_pkg'
[0.241s] Level 1:colcon.colcon_core.package_identification:_identify(src/my_robot_description) by extensions ['colcon_meta']
[0.241s] Level 1:colcon.colcon_core.package_identification:_identify(src/my_robot_description) by extension 'colcon_meta'
[0.241s] Level 1:colcon.colcon_core.package_identification:_identify(src/my_robot_description) by extensions ['ros']
[0.241s] Level 1:colcon.colcon_core.package_identification:_identify(src/my_robot_description) by extension 'ros'
[0.242s] DEBUG:colcon.colcon_core.package_identification:Package 'src/my_robot_description' with type 'ros.ament_cmake' and name 'my_robot_description'
[0.242s] Level 1:colcon.colcon_core.package_discovery:discover_packages(recursive) using defaults
[0.242s] Level 1:colcon.colcon_core.package_discovery:discover_packages(ignore) discover
[0.242s] Level 1:colcon.colcon_core.package_discovery:discover_packages(ignore) using defaults
[0.242s] Level 1:colcon.colcon_core.package_discovery:discover_packages(path) discover
[0.242s] Level 1:colcon.colcon_core.package_discovery:discover_packages(path) using defaults
[0.257s] Level 1:colcon.colcon_core.package_discovery:discover_packages(prefix_path) check parameters
[0.257s] Level 1:colcon.colcon_core.package_discovery:discover_packages(prefix_path) discover
[0.258s] WARNING:colcon.colcon_core.prefix_path.colcon:The path '/home/sam/mob_rob/install' in the environment variable COLCON_PREFIX_PATH doesn't exist
[0.259s] WARNING:colcon.colcon_ros.prefix_path.ament:The path '/home/sam/mob_rob/install/my_robot_description' in the environment variable AMENT_PREFIX_PATH doesn't exist
[0.259s] WARNING:colcon.colcon_ros.prefix_path.catkin:The path '/home/sam/mob_rob/install/my_robot_description' in the environment variable CMAKE_PREFIX_PATH doesn't exist
[0.260s] DEBUG:colcon.colcon_installed_package_information.package_discovery:Found 19 installed packages in /home/sam/ROS2/ros2_ws/install
[0.260s] DEBUG:colcon.colcon_installed_package_information.package_discovery:Found 2 installed packages in /home/sam/mob_rob/ros2_ws/install
[0.261s] DEBUG:colcon.colcon_installed_package_information.package_discovery:Found 366 installed packages in /opt/ros/humble
[0.271s] Level 1:colcon.colcon_core.package_discovery:discover_packages(prefix_path) using defaults
[0.301s] Level 5:colcon.colcon_core.verb:set package 'my_robot_description' build argument 'cmake_args' from command line to 'None'
[0.301s] Level 5:colcon.colcon_core.verb:set package 'my_robot_description' build argument 'cmake_target' from command line to 'None'
[0.301s] Level 5:colcon.colcon_core.verb:set package 'my_robot_description' build argument 'cmake_target_skip_unavailable' from command line to 'False'
[0.301s] Level 5:colcon.colcon_core.verb:set package 'my_robot_description' build argument 'cmake_clean_cache' from command line to 'False'
[0.301s] Level 5:colcon.colcon_core.verb:set package 'my_robot_description' build argument 'cmake_clean_first' from command line to 'False'
[0.301s] Level 5:colcon.colcon_core.verb:set package 'my_robot_description' build argument 'cmake_force_configure' from command line to 'False'
[0.301s] Level 5:colcon.colcon_core.verb:set package 'my_robot_description' build argument 'ament_cmake_args' from command line to 'None'
[0.301s] Level 5:colcon.colcon_core.verb:set package 'my_robot_description' build argument 'catkin_cmake_args' from command line to 'None'
[0.301s] Level 5:colcon.colcon_core.verb:set package 'my_robot_description' build argument 'catkin_skip_building_tests' from command line to 'False'
[0.301s] DEBUG:colcon.colcon_core.verb:Building package 'my_robot_description' with the following arguments: {'ament_cmake_args': None, 'build_base': '/home/sam/mob_rob/ros2_ws/build/my_robot_description', 'catkin_cmake_args': None, 'catkin_skip_building_tests': False, 'cmake_args': None, 'cmake_clean_cache': False, 'cmake_clean_first': False, 'cmake_force_configure': False, 'cmake_target': None, 'cmake_target_skip_unavailable': False, 'install_base': '/home/sam/mob_rob/ros2_ws/install/my_robot_description', 'merge_install': False, 'path': '/home/sam/mob_rob/ros2_ws/src/my_robot_description', 'symlink_install': False, 'test_result_base': None}
[0.301s] Level 5:colcon.colcon_core.verb:set package 'my_robot_bringup' build argument 'cmake_args' from command line to 'None'
[0.301s] Level 5:colcon.colcon_core.verb:set package 'my_robot_bringup' build argument 'cmake_target' from command line to 'None'
[0.301s] Level 5:colcon.colcon_core.verb:set package 'my_robot_bringup' build argument 'cmake_target_skip_unavailable' from command line to 'False'
[0.301s] Level 5:colcon.colcon_core.verb:set package 'my_robot_bringup' build argument 'cmake_clean_cache' from command line to 'False'
[0.301s] Level 5:colcon.colcon_core.verb:set package 'my_robot_bringup' build argument 'cmake_clean_first' from command line to 'False'
[0.301s] Level 5:colcon.colcon_core.verb:set package 'my_robot_bringup' build argument 'cmake_force_configure' from command line to 'False'
[0.301s] Level 5:colcon.colcon_core.verb:set package 'my_robot_bringup' build argument 'ament_cmake_args' from command line to 'None'
[0.301s] Level 5:colcon.colcon_core.verb:set package 'my_robot_bringup' build argument 'catkin_cmake_args' from command line to 'None'
[0.301s] Level 5:colcon.colcon_core.verb:set package 'my_robot_bringup' build argument 'catkin_skip_building_tests' from command line to 'False'
[0.301s] DEBUG:colcon.colcon_core.verb:Building package 'my_robot_bringup' with the following arguments: {'ament_cmake_args': None, 'build_base': '/home/sam/mob_rob/ros2_ws/build/my_robot_bringup', 'catkin_cmake_args': None, 'catkin_skip_building_tests': False, 'cmake_args': None, 'cmake_clean_cache': False, 'cmake_clean_first': False, 'cmake_force_configure': False, 'cmake_target': None, 'cmake_target_skip_unavailable': False, 'install_base': '/home/sam/mob_rob/ros2_ws/install/my_robot_bringup', 'merge_install': False, 'path': '/home/sam/mob_rob/ros2_ws/src/my_robot_bringup', 'symlink_install': False, 'test_result_base': None}
[0.301s] INFO:colcon.colcon_core.executor:Executing jobs using 'parallel' executor
[0.302s] DEBUG:colcon.colcon_parallel_executor.executor.parallel:run_until_complete
[0.302s] INFO:colcon.colcon_ros.task.ament_cmake.build:Building ROS package in '/home/sam/mob_rob/ros2_ws/src/my_robot_description' with build type 'ament_cmake'
[0.303s] INFO:colcon.colcon_cmake.task.cmake.build:Building CMake package in '/home/sam/mob_rob/ros2_ws/src/my_robot_description'
[0.305s] INFO:colcon.colcon_core.plugin_system:Skipping extension 'colcon_core.shell.bat': Not used on non-Windows systems
[0.305s] INFO:colcon.colcon_core.shell:Skip shell extension 'powershell' for command environment: Not usable outside of PowerShell
[0.305s] DEBUG:colcon.colcon_core.shell:Skip shell extension 'dsv' for command environment
[0.313s] DEBUG:colcon.colcon_core.event_handler.log_command:Invoking command in '/home/sam/mob_rob/ros2_ws/build/my_robot_description': CMAKE_PREFIX_PATH=${CMAKE_PREFIX_PATH}:/home/sam/ROS2/ros2_ws/install/rqt_controller_manager:/home/sam/ROS2/ros2_ws/install/ros2controlcli:/opt/ros/humble /usr/bin/cmake --build /home/sam/mob_rob/ros2_ws/build/my_robot_description -- -j8 -l8
[0.346s] DEBUG:colcon.colcon_core.event_handler.log_command:Invoked command in '/home/sam/mob_rob/ros2_ws/build/my_robot_description' returned '0': CMAKE_PREFIX_PATH=${CMAKE_PREFIX_PATH}:/home/sam/ROS2/ros2_ws/install/rqt_controller_manager:/home/sam/ROS2/ros2_ws/install/ros2controlcli:/opt/ros/humble /usr/bin/cmake --build /home/sam/mob_rob/ros2_ws/build/my_robot_description -- -j8 -l8
[0.383s] DEBUG:colcon.colcon_core.event_handler.log_command:Invoking command in '/home/sam/mob_rob/ros2_ws/build/my_robot_description': CMAKE_PREFIX_PATH=${CMAKE_PREFIX_PATH}:/home/sam/ROS2/ros2_ws/install/rqt_controller_manager:/home/sam/ROS2/ros2_ws/install/ros2controlcli:/opt/ros/humble /usr/bin/cmake --install /home/sam/mob_rob/ros2_ws/build/my_robot_description
[0.392s] Level 1:colcon.colcon_core.environment:create_environment_scripts_only(my_robot_description)
[0.393s] DEBUG:colcon.colcon_core.event_handler.log_command:Invoked command in '/home/sam/mob_rob/ros2_ws/build/my_robot_description' returned '0': CMAKE_PREFIX_PATH=${CMAKE_PREFIX_PATH}:/home/sam/ROS2/ros2_ws/install/rqt_controller_manager:/home/sam/ROS2/ros2_ws/install/ros2controlcli:/opt/ros/humble /usr/bin/cmake --install /home/sam/mob_rob/ros2_ws/build/my_robot_description
[0.396s] Level 1:colcon.colcon_core.environment:checking '/home/sam/mob_rob/ros2_ws/install/my_robot_description' for CMake module files
[0.396s] Level 1:colcon.colcon_core.environment:checking '/home/sam/mob_rob/ros2_ws/install/my_robot_description' for CMake config files
[0.396s] Level 1:colcon.colcon_core.shell:create_environment_hook('my_robot_description', 'cmake_prefix_path')
[0.396s] INFO:colcon.colcon_core.shell:Creating environment hook '/home/sam/mob_rob/ros2_ws/install/my_robot_description/share/my_robot_description/hook/cmake_prefix_path.ps1'
[0.397s] INFO:colcon.colcon_core.shell:Creating environment descriptor '/home/sam/mob_rob/ros2_ws/install/my_robot_description/share/my_robot_description/hook/cmake_prefix_path.dsv'
[0.397s] INFO:colcon.colcon_core.shell:Creating environment hook '/home/sam/mob_rob/ros2_ws/install/my_robot_description/share/my_robot_description/hook/cmake_prefix_path.sh'
[0.398s] Level 1:colcon.colcon_core.environment:checking '/home/sam/mob_rob/ros2_ws/install/my_robot_description/bin'
[0.398s] Level 1:colcon.colcon_core.environment:checking '/home/sam/mob_rob/ros2_ws/install/my_robot_description/lib/pkgconfig/my_robot_description.pc'
[0.398s] Level 1:colcon.colcon_core.environment:checking '/home/sam/mob_rob/ros2_ws/install/my_robot_description/lib/python3.10/site-packages'
[0.399s] Level 1:colcon.colcon_core.environment:checking '/home/sam/mob_rob/ros2_ws/install/my_robot_description/bin'
[0.399s] INFO:colcon.colcon_core.shell:Creating package script '/home/sam/mob_rob/ros2_ws/install/my_robot_description/share/my_robot_description/package.ps1'
[0.400s] INFO:colcon.colcon_core.shell:Creating package descriptor '/home/sam/mob_rob/ros2_ws/install/my_robot_description/share/my_robot_description/package.dsv'
[0.400s] INFO:colcon.colcon_core.shell:Creating package script '/home/sam/mob_rob/ros2_ws/install/my_robot_description/share/my_robot_description/package.sh'
[0.400s] INFO:colcon.colcon_core.shell:Creating package script '/home/sam/mob_rob/ros2_ws/install/my_robot_description/share/my_robot_description/package.bash'
[0.401s] INFO:colcon.colcon_core.shell:Creating package script '/home/sam/mob_rob/ros2_ws/install/my_robot_description/share/my_robot_description/package.zsh'
[0.401s] Level 1:colcon.colcon_core.environment:create_file_with_runtime_dependencies(/home/sam/mob_rob/ros2_ws/install/my_robot_description/share/colcon-core/packages/my_robot_description)
[0.423s] Level 1:colcon.colcon_core.environment:create_environment_scripts_only(my_robot_description)
[0.423s] Level 1:colcon.colcon_core.environment:checking '/home/sam/mob_rob/ros2_ws/install/my_robot_description' for CMake module files
[0.423s] Level 1:colcon.colcon_core.environment:checking '/home/sam/mob_rob/ros2_ws/install/my_robot_description' for CMake config files
[0.424s] Level 1:colcon.colcon_core.shell:create_environment_hook('my_robot_description', 'cmake_prefix_path')
[0.424s] INFO:colcon.colcon_core.shell:Creating environment hook '/home/sam/mob_rob/ros2_ws/install/my_robot_description/share/my_robot_description/hook/cmake_prefix_path.ps1'
[0.424s] INFO:colcon.colcon_core.shell:Creating environment descriptor '/home/sam/mob_rob/ros2_ws/install/my_robot_description/share/my_robot_description/hook/cmake_prefix_path.dsv'
[0.424s] INFO:colcon.colcon_core.shell:Creating environment hook '/home/sam/mob_rob/ros2_ws/install/my_robot_description/share/my_robot_description/hook/cmake_prefix_path.sh'
[0.425s] Level 1:colcon.colcon_core.environment:checking '/home/sam/mob_rob/ros2_ws/install/my_robot_description/bin'
[0.425s] Level 1:colcon.colcon_core.environment:checking '/home/sam/mob_rob/ros2_ws/install/my_robot_description/lib/pkgconfig/my_robot_description.pc'
[0.425s] Level 1:colcon.colcon_core.environment:checking '/home/sam/mob_rob/ros2_ws/install/my_robot_description/lib/python3.10/site-packages'
[0.425s] Level 1:colcon.colcon_core.environment:checking '/home/sam/mob_rob/ros2_ws/install/my_robot_description/bin'
[0.425s] INFO:colcon.colcon_core.shell:Creating package script '/home/sam/mob_rob/ros2_ws/install/my_robot_description/share/my_robot_description/package.ps1'
[0.426s] INFO:colcon.colcon_core.shell:Creating package descriptor '/home/sam/mob_rob/ros2_ws/install/my_robot_description/share/my_robot_description/package.dsv'
[0.426s] INFO:colcon.colcon_core.shell:Creating package script '/home/sam/mob_rob/ros2_ws/install/my_robot_description/share/my_robot_description/package.sh'
[0.426s] INFO:colcon.colcon_core.shell:Creating package script '/home/sam/mob_rob/ros2_ws/install/my_robot_description/share/my_robot_description/package.bash'
[0.427s] INFO:colcon.colcon_core.shell:Creating package script '/home/sam/mob_rob/ros2_ws/install/my_robot_description/share/my_robot_description/package.zsh'
[0.427s] Level 1:colcon.colcon_core.environment:create_file_with_runtime_dependencies(/home/sam/mob_rob/ros2_ws/install/my_robot_description/share/colcon-core/packages/my_robot_description)
[0.427s] INFO:colcon.colcon_ros.task.ament_cmake.build:Building ROS package in '/home/sam/mob_rob/ros2_ws/src/my_robot_bringup' with build type 'ament_cmake'
[0.427s] INFO:colcon.colcon_cmake.task.cmake.build:Building CMake package in '/home/sam/mob_rob/ros2_ws/src/my_robot_bringup'
[0.428s] INFO:colcon.colcon_core.shell:Skip shell extension 'powershell' for command environment: Not usable outside of PowerShell
[0.428s] DEBUG:colcon.colcon_core.shell:Skip shell extension 'dsv' for command environment
[0.435s] DEBUG:colcon.colcon_core.event_handler.log_command:Invoking command in '/home/sam/mob_rob/ros2_ws/build/my_robot_bringup': CMAKE_PREFIX_PATH=/home/sam/mob_rob/ros2_ws/install/my_robot_description:/home/sam/mob_rob/ros2_ws/install/my_robot_bringup:/home/sam/ROS2/ros2_ws/install/gazebo_ros2_control_demos:/home/sam/ROS2/ros2_ws/install/ros2_control:/home/sam/ROS2/ros2_ws/install/transmission_interface:/home/sam/ROS2/ros2_ws/install/surveillance_robot:/home/sam/ROS2/ros2_ws/install/hardware_interface_testing:/home/sam/ROS2/ros2_ws/install/gazebo_ros2_control:/home/sam/ROS2/ros2_ws/install/controller_manager:/home/sam/ROS2/ros2_ws/install/ros2_control_test_assets:/home/sam/ROS2/ros2_ws/install/joint_limits:/home/sam/ROS2/ros2_ws/install/controller_interface:/home/sam/ROS2/ros2_ws/install/hardware_interface:/home/sam/ROS2/ros2_ws/install/gazebo_ros_pkgs:/home/sam/ROS2/ros2_ws/install/gazebo_plugins:/home/sam/ROS2/ros2_ws/install/gazebo_ros:/home/sam/ROS2/ros2_ws/install/gazebo_msgs:/home/sam/ROS2/ros2_ws/install/gazebo_dev:/home/sam/ROS2/ros2_ws/install/controller_manager_msgs:/home/sam/mob_rob/install/my_robot_description:/home/sam/ROS2/ros2_ws/install/rqt_controller_manager:/home/sam/ROS2/ros2_ws/install/ros2controlcli:/opt/ros/humble /usr/bin/cmake --build /home/sam/mob_rob/ros2_ws/build/my_robot_bringup -- -j8 -l8
[0.469s] DEBUG:colcon.colcon_core.event_handler.log_command:Invoked command in '/home/sam/mob_rob/ros2_ws/build/my_robot_bringup' returned '0': CMAKE_PREFIX_PATH=/home/sam/mob_rob/ros2_ws/install/my_robot_description:/home/sam/mob_rob/ros2_ws/install/my_robot_bringup:/home/sam/ROS2/ros2_ws/install/gazebo_ros2_control_demos:/home/sam/ROS2/ros2_ws/install/ros2_control:/home/sam/ROS2/ros2_ws/install/transmission_interface:/home/sam/ROS2/ros2_ws/install/surveillance_robot:/home/sam/ROS2/ros2_ws/install/hardware_interface_testing:/home/sam/ROS2/ros2_ws/install/gazebo_ros2_control:/home/sam/ROS2/ros2_ws/install/controller_manager:/home/sam/ROS2/ros2_ws/install/ros2_control_test_assets:/home/sam/ROS2/ros2_ws/install/joint_limits:/home/sam/ROS2/ros2_ws/install/controller_interface:/home/sam/ROS2/ros2_ws/install/hardware_interface:/home/sam/ROS2/ros2_ws/install/gazebo_ros_pkgs:/home/sam/ROS2/ros2_ws/install/gazebo_plugins:/home/sam/ROS2/ros2_ws/install/gazebo_ros:/home/sam/ROS2/ros2_ws/install/gazebo_msgs:/home/sam/ROS2/ros2_ws/install/gazebo_dev:/home/sam/ROS2/ros2_ws/install/controller_manager_msgs:/home/sam/mob_rob/install/my_robot_description:/home/sam/ROS2/ros2_ws/install/rqt_controller_manager:/home/sam/ROS2/ros2_ws/install/ros2controlcli:/opt/ros/humble /usr/bin/cmake --build /home/sam/mob_rob/ros2_ws/build/my_robot_bringup -- -j8 -l8
[0.499s] DEBUG:colcon.colcon_core.event_handler.log_command:Invoking command in '/home/sam/mob_rob/ros2_ws/build/my_robot_bringup': CMAKE_PREFIX_PATH=/home/sam/mob_rob/ros2_ws/install/my_robot_description:/home/sam/mob_rob/ros2_ws/install/my_robot_bringup:/home/sam/ROS2/ros2_ws/install/gazebo_ros2_control_demos:/home/sam/ROS2/ros2_ws/install/ros2_control:/home/sam/ROS2/ros2_ws/install/transmission_interface:/home/sam/ROS2/ros2_ws/install/surveillance_robot:/home/sam/ROS2/ros2_ws/install/hardware_interface_testing:/home/sam/ROS2/ros2_ws/install/gazebo_ros2_control:/home/sam/ROS2/ros2_ws/install/controller_manager:/home/sam/ROS2/ros2_ws/install/ros2_control_test_assets:/home/sam/ROS2/ros2_ws/install/joint_limits:/home/sam/ROS2/ros2_ws/install/controller_interface:/home/sam/ROS2/ros2_ws/install/hardware_interface:/home/sam/ROS2/ros2_ws/install/gazebo_ros_pkgs:/home/sam/ROS2/ros2_ws/install/gazebo_plugins:/home/sam/ROS2/ros2_ws/install/gazebo_ros:/home/sam/ROS2/ros2_ws/install/gazebo_msgs:/home/sam/ROS2/ros2_ws/install/gazebo_dev:/home/sam/ROS2/ros2_ws/install/controller_manager_msgs:/home/sam/mob_rob/install/my_robot_description:/home/sam/ROS2/ros2_ws/install/rqt_controller_manager:/home/sam/ROS2/ros2_ws/install/ros2controlcli:/opt/ros/humble /usr/bin/cmake --install /home/sam/mob_rob/ros2_ws/build/my_robot_bringup
[0.511s] Level 1:colcon.colcon_core.environment:create_environment_scripts_only(my_robot_bringup)
[0.511s] Level 1:colcon.colcon_core.environment:checking '/home/sam/mob_rob/ros2_ws/install/my_robot_bringup' for CMake module files
[0.512s] DEBUG:colcon.colcon_core.event_handler.log_command:Invoked command in '/home/sam/mob_rob/ros2_ws/build/my_robot_bringup' returned '0': CMAKE_PREFIX_PATH=/home/sam/mob_rob/ros2_ws/install/my_robot_description:/home/sam/mob_rob/ros2_ws/install/my_robot_bringup:/home/sam/ROS2/ros2_ws/install/gazebo_ros2_control_demos:/home/sam/ROS2/ros2_ws/install/ros2_control:/home/sam/ROS2/ros2_ws/install/transmission_interface:/home/sam/ROS2/ros2_ws/install/surveillance_robot:/home/sam/ROS2/ros2_ws/install/hardware_interface_testing:/home/sam/ROS2/ros2_ws/install/gazebo_ros2_control:/home/sam/ROS2/ros2_ws/install/controller_manager:/home/sam/ROS2/ros2_ws/install/ros2_control_test_assets:/home/sam/ROS2/ros2_ws/install/joint_limits:/home/sam/ROS2/ros2_ws/install/controller_interface:/home/sam/ROS2/ros2_ws/install/hardware_interface:/home/sam/ROS2/ros2_ws/install/gazebo_ros_pkgs:/home/sam/ROS2/ros2_ws/install/gazebo_plugins:/home/sam/ROS2/ros2_ws/install/gazebo_ros:/home/sam/ROS2/ros2_ws/install/gazebo_msgs:/home/sam/ROS2/ros2_ws/install/gazebo_dev:/home/sam/ROS2/ros2_ws/install/controller_manager_msgs:/home/sam/mob_rob/install/my_robot_description:/home/sam/ROS2/ros2_ws/install/rqt_controller_manager:/home/sam/ROS2/ros2_ws/install/ros2controlcli:/opt/ros/humble /usr/bin/cmake --install /home/sam/mob_rob/ros2_ws/build/my_robot_bringup
[0.512s] Level 1:colcon.colcon_core.environment:checking '/home/sam/mob_rob/ros2_ws/install/my_robot_bringup' for CMake config files
[0.512s] Level 1:colcon.colcon_core.shell:create_environment_hook('my_robot_bringup', 'cmake_prefix_path')
[0.512s] INFO:colcon.colcon_core.shell:Creating environment hook '/home/sam/mob_rob/ros2_ws/install/my_robot_bringup/share/my_robot_bringup/hook/cmake_prefix_path.ps1'
[0.513s] INFO:colcon.colcon_core.shell:Creating environment descriptor '/home/sam/mob_rob/ros2_ws/install/my_robot_bringup/share/my_robot_bringup/hook/cmake_prefix_path.dsv'
[0.513s] INFO:colcon.colcon_core.shell:Creating environment hook '/home/sam/mob_rob/ros2_ws/install/my_robot_bringup/share/my_robot_bringup/hook/cmake_prefix_path.sh'
[0.514s] Level 1:colcon.colcon_core.environment:checking '/home/sam/mob_rob/ros2_ws/install/my_robot_bringup/bin'
[0.514s] Level 1:colcon.colcon_core.environment:checking '/home/sam/mob_rob/ros2_ws/install/my_robot_bringup/lib/pkgconfig/my_robot_bringup.pc'
[0.514s] Level 1:colcon.colcon_core.environment:checking '/home/sam/mob_rob/ros2_ws/install/my_robot_bringup/lib/python3.10/site-packages'
[0.514s] Level 1:colcon.colcon_core.environment:checking '/home/sam/mob_rob/ros2_ws/install/my_robot_bringup/bin'
[0.515s] INFO:colcon.colcon_core.shell:Creating package script '/home/sam/mob_rob/ros2_ws/install/my_robot_bringup/share/my_robot_bringup/package.ps1'
[0.515s] INFO:colcon.colcon_core.shell:Creating package descriptor '/home/sam/mob_rob/ros2_ws/install/my_robot_bringup/share/my_robot_bringup/package.dsv'
[0.515s] INFO:colcon.colcon_core.shell:Creating package script '/home/sam/mob_rob/ros2_ws/install/my_robot_bringup/share/my_robot_bringup/package.sh'
[0.516s] INFO:colcon.colcon_core.shell:Creating package script '/home/sam/mob_rob/ros2_ws/install/my_robot_bringup/share/my_robot_bringup/package.bash'
[0.516s] INFO:colcon.colcon_core.shell:Creating package script '/home/sam/mob_rob/ros2_ws/install/my_robot_bringup/share/my_robot_bringup/package.zsh'
[0.516s] Level 1:colcon.colcon_core.environment:create_file_with_runtime_dependencies(/home/sam/mob_rob/ros2_ws/install/my_robot_bringup/share/colcon-core/packages/my_robot_bringup)
[0.540s] Level 1:colcon.colcon_core.environment:create_environment_scripts_only(my_robot_bringup)
[0.540s] Level 1:colcon.colcon_core.environment:checking '/home/sam/mob_rob/ros2_ws/install/my_robot_bringup' for CMake module files
[0.541s] Level 1:colcon.colcon_core.environment:checking '/home/sam/mob_rob/ros2_ws/install/my_robot_bringup' for CMake config files
[0.541s] Level 1:colcon.colcon_core.shell:create_environment_hook('my_robot_bringup', 'cmake_prefix_path')
[0.541s] INFO:colcon.colcon_core.shell:Creating environment hook '/home/sam/mob_rob/ros2_ws/install/my_robot_bringup/share/my_robot_bringup/hook/cmake_prefix_path.ps1'
[0.541s] INFO:colcon.colcon_core.shell:Creating environment descriptor '/home/sam/mob_rob/ros2_ws/install/my_robot_bringup/share/my_robot_bringup/hook/cmake_prefix_path.dsv'
[0.542s] INFO:colcon.colcon_core.shell:Creating environment hook '/home/sam/mob_rob/ros2_ws/install/my_robot_bringup/share/my_robot_bringup/hook/cmake_prefix_path.sh'
[0.542s] Level 1:colcon.colcon_core.environment:checking '/home/sam/mob_rob/ros2_ws/install/my_robot_bringup/bin'
[0.542s] Level 1:colcon.colcon_core.environment:checking '/home/sam/mob_rob/ros2_ws/install/my_robot_bringup/lib/pkgconfig/my_robot_bringup.pc'
[0.542s] Level 1:colcon.colcon_core.environment:checking '/home/sam/mob_rob/ros2_ws/install/my_robot_bringup/lib/python3.10/site-packages'
[0.543s] Level 1:colcon.colcon_core.environment:checking '/home/sam/mob_rob/ros2_ws/install/my_robot_bringup/bin'
[0.543s] INFO:colcon.colcon_core.shell:Creating package script '/home/sam/mob_rob/ros2_ws/install/my_robot_bringup/share/my_robot_bringup/package.ps1'
[0.543s] INFO:colcon.colcon_core.shell:Creating package descriptor '/home/sam/mob_rob/ros2_ws/install/my_robot_bringup/share/my_robot_bringup/package.dsv'
[0.544s] INFO:colcon.colcon_core.shell:Creating package script '/home/sam/mob_rob/ros2_ws/install/my_robot_bringup/share/my_robot_bringup/package.sh'
[0.544s] INFO:colcon.colcon_core.shell:Creating package script '/home/sam/mob_rob/ros2_ws/install/my_robot_bringup/share/my_robot_bringup/package.bash'
[0.544s] INFO:colcon.colcon_core.shell:Creating package script '/home/sam/mob_rob/ros2_ws/install/my_robot_bringup/share/my_robot_bringup/package.zsh'
[0.545s] Level 1:colcon.colcon_core.environment:create_file_with_runtime_dependencies(/home/sam/mob_rob/ros2_ws/install/my_robot_bringup/share/colcon-core/packages/my_robot_bringup)
[0.545s] DEBUG:colcon.colcon_parallel_executor.executor.parallel:closing loop
[0.545s] DEBUG:colcon.colcon_parallel_executor.executor.parallel:loop closed
[0.545s] DEBUG:colcon.colcon_parallel_executor.executor.parallel:run_until_complete finished with '0'
[0.545s] DEBUG:colcon.colcon_core.event_reactor:joining thread
[0.555s] INFO:colcon.colcon_core.plugin_system:Skipping extension 'colcon_notification.desktop_notification.terminal_notifier': Not used on non-Darwin systems
[0.555s] INFO:colcon.colcon_core.plugin_system:Skipping extension 'colcon_notification.desktop_notification.win32': Not used on non-Windows systems
[0.555s] INFO:colcon.colcon_notification.desktop_notification:Sending desktop notification using 'notify2'
[0.568s] DEBUG:colcon.colcon_core.event_reactor:joined thread
[0.568s] INFO:colcon.colcon_core.shell:Creating prefix script '/home/sam/mob_rob/ros2_ws/install/local_setup.ps1'
[0.569s] INFO:colcon.colcon_core.shell:Creating prefix util module '/home/sam/mob_rob/ros2_ws/install/_local_setup_util_ps1.py'
[0.570s] INFO:colcon.colcon_core.shell:Creating prefix chain script '/home/sam/mob_rob/ros2_ws/install/setup.ps1'
[0.571s] INFO:colcon.colcon_core.shell:Creating prefix script '/home/sam/mob_rob/ros2_ws/install/local_setup.sh'
[0.571s] INFO:colcon.colcon_core.shell:Creating prefix util module '/home/sam/mob_rob/ros2_ws/install/_local_setup_util_sh.py'
[0.572s] INFO:colcon.colcon_core.shell:Creating prefix chain script '/home/sam/mob_rob/ros2_ws/install/setup.sh'
[0.573s] INFO:colcon.colcon_core.shell:Creating prefix script '/home/sam/mob_rob/ros2_ws/install/local_setup.bash'
[0.573s] INFO:colcon.colcon_core.shell:Creating prefix chain script '/home/sam/mob_rob/ros2_ws/install/setup.bash'
[0.574s] INFO:colcon.colcon_core.shell:Creating prefix script '/home/sam/mob_rob/ros2_ws/install/local_setup.zsh'
[0.575s] INFO:colcon.colcon_core.shell:Creating prefix chain script '/home/sam/mob_rob/ros2_ws/install/setup.zsh'
