[0.007s] Invoking command in '/home/sam/mob_rob/ros2_ws/build/my_robot_description': CMAKE_PREFIX_PATH=${CMAKE_PREFIX_PATH}:/opt/ros/humble /usr/bin/cmake /home/sam/mob_rob/ros2_ws/src/my_robot_description -DCMAKE_INSTALL_PREFIX=/home/sam/mob_rob/ros2_ws/install/my_robot_description
[0.044s] -- The C compiler identification is GNU 11.4.0
[0.085s] -- The CXX compiler identification is GNU 11.4.0
[0.089s] -- Detecting C compiler ABI info
[0.142s] -- Detecting C compiler ABI info - done
[0.149s] -- Check for working C compiler: /usr/bin/cc - skipped
[0.149s] -- Detecting C compile features
[0.149s] -- Detecting C compile features - done
[0.152s] -- Detecting CXX compiler ABI info
[0.205s] -- Detecting CXX compiler ABI info - done
[0.210s] -- Check for working CXX compiler: /usr/bin/c++ - skipped
[0.210s] -- Detecting CXX compile features
[0.210s] -- Detecting CXX compile features - done
[0.212s] -- Found ament_cmake: 1.3.9 (/opt/ros/humble/share/ament_cmake/cmake)
[0.310s] -- Found Python3: /usr/bin/python3 (found version "3.10.12") found components: Interpreter 
[0.400s] -- Configuring done
[0.401s] -- Generating done
[0.401s] -- Build files have been written to: /home/sam/mob_rob/ros2_ws/build/my_robot_description
[0.404s] Invoked command in '/home/sam/mob_rob/ros2_ws/build/my_robot_description' returned '0': CMAKE_PREFIX_PATH=${CMAKE_PREFIX_PATH}:/opt/ros/humble /usr/bin/cmake /home/sam/mob_rob/ros2_ws/src/my_robot_description -DCMAKE_INSTALL_PREFIX=/home/sam/mob_rob/ros2_ws/install/my_robot_description
[0.405s] Invoking command in '/home/sam/mob_rob/ros2_ws/build/my_robot_description': CMAKE_PREFIX_PATH=${CMAKE_PREFIX_PATH}:/opt/ros/humble /usr/bin/cmake --build /home/sam/mob_rob/ros2_ws/build/my_robot_description -- -j8 -l8
[0.433s] Invoked command in '/home/sam/mob_rob/ros2_ws/build/my_robot_description' returned '0': CMAKE_PREFIX_PATH=${CMAKE_PREFIX_PATH}:/opt/ros/humble /usr/bin/cmake --build /home/sam/mob_rob/ros2_ws/build/my_robot_description -- -j8 -l8
[0.471s] Invoking command in '/home/sam/mob_rob/ros2_ws/build/my_robot_description': CMAKE_PREFIX_PATH=${CMAKE_PREFIX_PATH}:/opt/ros/humble /usr/bin/cmake --install /home/sam/mob_rob/ros2_ws/build/my_robot_description
[0.476s] -- Install configuration: ""
[0.476s] -- Installing: /home/sam/mob_rob/ros2_ws/install/my_robot_description/share/my_robot_description//urdf
[0.476s] -- Installing: /home/sam/mob_rob/ros2_ws/install/my_robot_description/share/my_robot_description//urdf/my_robot.urdf
[0.476s] -- Installing: /home/sam/mob_rob/ros2_ws/install/my_robot_description/share/my_robot_description//launch
[0.476s] -- Installing: /home/sam/mob_rob/ros2_ws/install/my_robot_description/share/my_robot_description//launch/display.launch.py
[0.477s] -- Installing: /home/sam/mob_rob/ros2_ws/install/my_robot_description/share/my_robot_description//launch/display.launch.xml
[0.477s] -- Installing: /home/sam/mob_rob/ros2_ws/install/my_robot_description/share/my_robot_description//rviz
[0.477s] -- Installing: /home/sam/mob_rob/ros2_ws/install/my_robot_description/share/my_robot_description//rviz/urdf_config.rviz
[0.477s] -- Installing: /home/sam/mob_rob/ros2_ws/install/my_robot_description/share/ament_index/resource_index/package_run_dependencies/my_robot_description
[0.477s] -- Installing: /home/sam/mob_rob/ros2_ws/install/my_robot_description/share/ament_index/resource_index/parent_prefix_path/my_robot_description
[0.477s] -- Installing: /home/sam/mob_rob/ros2_ws/install/my_robot_description/share/my_robot_description/environment/ament_prefix_path.sh
[0.477s] -- Installing: /home/sam/mob_rob/ros2_ws/install/my_robot_description/share/my_robot_description/environment/ament_prefix_path.dsv
[0.477s] -- Installing: /home/sam/mob_rob/ros2_ws/install/my_robot_description/share/my_robot_description/environment/path.sh
[0.477s] -- Installing: /home/sam/mob_rob/ros2_ws/install/my_robot_description/share/my_robot_description/environment/path.dsv
[0.477s] -- Installing: /home/sam/mob_rob/ros2_ws/install/my_robot_description/share/my_robot_description/local_setup.bash
[0.478s] -- Installing: /home/sam/mob_rob/ros2_ws/install/my_robot_description/share/my_robot_description/local_setup.sh
[0.478s] -- Installing: /home/sam/mob_rob/ros2_ws/install/my_robot_description/share/my_robot_description/local_setup.zsh
[0.478s] -- Installing: /home/sam/mob_rob/ros2_ws/install/my_robot_description/share/my_robot_description/local_setup.dsv
[0.478s] -- Installing: /home/sam/mob_rob/ros2_ws/install/my_robot_description/share/my_robot_description/package.dsv
[0.478s] -- Installing: /home/sam/mob_rob/ros2_ws/install/my_robot_description/share/ament_index/resource_index/packages/my_robot_description
[0.478s] -- Installing: /home/sam/mob_rob/ros2_ws/install/my_robot_description/share/my_robot_description/cmake/my_robot_descriptionConfig.cmake
[0.478s] -- Installing: /home/sam/mob_rob/ros2_ws/install/my_robot_description/share/my_robot_description/cmake/my_robot_descriptionConfig-version.cmake
[0.478s] -- Installing: /home/sam/mob_rob/ros2_ws/install/my_robot_description/share/my_robot_description/package.xml
[0.480s] Invoked command in '/home/sam/mob_rob/ros2_ws/build/my_robot_description' returned '0': CMAKE_PREFIX_PATH=${CMAKE_PREFIX_PATH}:/opt/ros/humble /usr/bin/cmake --install /home/sam/mob_rob/ros2_ws/build/my_robot_description
